<?xml version="1.0" encoding="UTF-8"?>
<!-- Generated by org.testng.reporters.JUnitReportReporter -->
<testsuite skipped="0" hostname="USER" name="Scripts.VeifyActiTIMEproductVersion" tests="1" failures="0" timestamp="01 Aug 2018 06:39:04 GMT" time="21.110" errors="0">
  <testcase name="verifyActiTIMEProductVersion" time="21.110" classname="Scripts.VeifyActiTIMEproductVersion"/>
</testsuite> <!-- Scripts.VeifyActiTIMEproductVersion -->
