<?xml version="1.0" encoding="UTF-8"?>
<!-- Generated by org.testng.reporters.JUnitReportReporter -->
<testsuite skipped="0" hostname="USER" name="Scripts.TestValidLogin" tests="1" failures="0" timestamp="14 Aug 2018 15:13:27 GMT" time="15.965" errors="0">
  <testcase name="validLogin" time="15.965" classname="Scripts.TestValidLogin"/>
</testsuite> <!-- Scripts.TestValidLogin -->
