<?xml version="1.0" encoding="UTF-8"?>
<!-- Generated by org.testng.reporters.JUnitReportReporter -->
<testsuite skipped="0" hostname="USER" name="Scripts.TestValidLogin" tests="1" failures="0" timestamp="08 Aug 2018 14:33:17 GMT" time="13.050" errors="0">
  <testcase name="validLogin" time="13.050" classname="Scripts.TestValidLogin"/>
</testsuite> <!-- Scripts.TestValidLogin -->
